2026-04-01T19:54:46.514362Z  INFO terrarium::config: Loading config from config.toml
2026-04-01T19:55:14.388334Z  WARN terrarium: 何婉婷: 你嘗試前往 船員餐廳, 但是你已經在這個區域了，請重新選擇一個區域。
儲物間
冷凍庫
引擎艙
甲板走道
船長艙房
貨艙 A
駕駛艙
2026-04-01T19:55:26.763963Z  WARN terrarium: 何美玲: 你嘗試撿起 水壺, 但是這個物品不存在，請重新選擇一個物品，或是使用 OBSERVE 來確認一下周圍的物品。
2026-04-01T19:55:50.055793Z  WARN terrarium: 何婉婷: 你嘗試攻擊不在此區域的人 吳志強, 可能在其他區域。
2026-04-01T19:56:11.225703Z  WARN terrarium: 何婉婷: 你嘗試攻擊不在此區域的人 吳志強, 可能在其他區域。
2026-04-01T19:56:38.329426Z  WARN terrarium: 何婉婷: 你嘗試前往 船員餐廳, 但是你已經在這個區域了，請重新選擇一個區域。
儲物間
冷凍庫
引擎艙
甲板走道
船長艙房
貨艙 A
駕駛艙
2026-04-01T19:57:18.447787Z  WARN terrarium: 何美玲: 你嘗試使用 塑膠水瓶, 但是你的背包裡沒有這個物品，請重新確認你身上的物品。
2026-04-01T19:57:26.226125Z  WARN terrarium: 何婉婷: 你嘗試攻擊不在此區域的人 林俊宏, 可能在其他區域。
2026-04-01T19:57:28.202762Z  WARN terrarium: 何婉婷: 你嘗試前往 船員餐廳, 但是你已經在這個區域了，請重新選擇一個區域。
儲物間
冷凍庫
引擎艙
甲板走道
船長艙房
貨艙 A
駕駛艙
